<?xml version="1.0" encoding="UTF-8"?>
<!-- Generated by org.testng.reporters.JUnitReportReporter -->
<testsuite hostname="pc63" failures="0" tests="1" name="com.MtcTestCases.TC001_LoginButton" time="0.728" errors="0" timestamp="2024-09-23T10:09:27 IST" skipped="0">
  <testcase classname="com.MtcTestCases.TC001_LoginButton" name="LoginPageVerify" time="0.728"/>
</testsuite> <!-- com.MtcTestCases.TC001_LoginButton -->
