<?xml version="1.0" encoding="UTF-8"?>
<!-- Generated by org.testng.reporters.JUnitReportReporter -->
<testsuite hostname="pc63" failures="0" tests="10" name="com.MtcTestCases.TC00_MtcServiceUser" time="78.587" errors="0" timestamp="2024-09-24T12:44:38 IST" skipped="0">
  <testcase classname="com.MtcTestCases.TC00_MtcServiceUser" name="LoginPageVerify" time="1.479"/>
  <testcase classname="com.MtcTestCases.TC00_MtcServiceUser" name="createNewSUser" time="9.454"/>
  <testcase classname="com.MtcTestCases.TC00_MtcServiceUser" name="BasicBioInfo" time="15.187"/>
  <testcase classname="com.MtcTestCases.TC00_MtcServiceUser" name="OtherBioInformation" time="28.028"/>
  <testcase classname="com.MtcTestCases.TC00_MtcServiceUser" name="RefNumbersverify" time="5.282"/>
  <testcase classname="com.MtcTestCases.TC00_MtcServiceUser" name="EdTraining" time="4.986"/>
  <testcase classname="com.MtcTestCases.TC00_MtcServiceUser" name="Accommodation" time="4.252"/>
  <testcase classname="com.MtcTestCases.TC00_MtcServiceUser" name="Yot" time="3.543"/>
  <testcase classname="com.MtcTestCases.TC00_MtcServiceUser" name="Clothing" time="3.466"/>
  <testcase classname="com.MtcTestCases.TC00_MtcServiceUser" name="Information" time="2.910"/>
</testsuite> <!-- com.MtcTestCases.TC00_MtcServiceUser -->
